#
# There is insufficient memory for the Java Runtime Environment to continue.
# Native memory allocation (mmap) failed to map 532676608 bytes for G1 virtual space
# Possible reasons:
#   The system is out of physical RAM or swap space
#   The process is running with CompressedOops enabled, and the Java Heap may be blocking the growth of the native heap
# Possible solutions:
#   Reduce memory load on the system
#   Increase physical memory or swap space
#   Check if swap backing store is full
#   Decrease Java heap size (-Xmx/-Xms)
#   Decrease number of Java threads
#   Decrease Java thread stack sizes (-Xss)
#   Set larger code cache with -XX:ReservedCodeCacheSize=
#   JVM is running with Zero Based Compressed Oops mode in which the Java heap is
#     placed in the first 32GB address space. The Java Heap base address is the
#     maximum limit for the native heap growth. Please use -XX:HeapBaseMinAddress
#     to set the Java Heap base and to place the Java Heap above 32GB virtual address.
# This output file may be truncated or incomplete.
#
#  Out of Memory Error (os_windows.cpp:3535), pid=12652, tid=14792
#
# JRE version:  (17.0.3+7) (build )
# Java VM: OpenJDK 64-Bit Server VM (17.0.3+7, mixed mode, sharing, tiered, compressed oops, compressed class ptrs, g1 gc, windows-amd64)
# No core dump will be written. Minidumps are not enabled by default on client versions of Windows
#

---------------  S U M M A R Y ------------

Command Line: -Dfile.encoding=UTF-8 --module-path=D:\DEV\workspace\java_04_re\bin -XX:+ShowCodeDetailsInExceptionMessages -Djdk.module.main=java_04_RE java_04_RE/jdbc._02_MemberService_re

Host: 13th Gen Intel(R) Core(TM) i7-13700, 24 cores, 31G,  Windows 11 , 64 bit Build 22621 (10.0.22621.4391)
Time: Fri Nov 29 15:53:29 2024  Windows 11 , 64 bit Build 22621 (10.0.22621.4391) elapsed time: 0.005790 seconds (0d 0h 0m 0s)

---------------  T H R E A D  ---------------

Current thread (0x000002ad19b036b0):  JavaThread "Unknown thread" [_thread_in_vm, id=14792, stack(0x000000c9d0300000,0x000000c9d0400000)]

Stack: [0x000000c9d0300000,0x000000c9d0400000]
Native frames: (J=compiled Java code, j=interpreted, Vv=VM code, C=native code)
V  [jvm.dll+0x675efa]
V  [jvm.dll+0x830a24]
V  [jvm.dll+0x8321ce]
V  [jvm.dll+0x832833]
V  [jvm.dll+0x2454b5]
V  [jvm.dll+0x672de9]
V  [jvm.dll+0x667732]
V  [jvm.dll+0x3043ab]
V  [jvm.dll+0x30b8f6]
V  [jvm.dll+0x35b62e]
V  [jvm.dll+0x35b85f]
V  [jvm.dll+0x2db248]
V  [jvm.dll+0x2dc1b4]
V  [jvm.dll+0x802651]
V  [jvm.dll+0x3693b1]
V  [jvm.dll+0x7e1aac]
V  [jvm.dll+0x3ebd8f]
V  [jvm.dll+0x3ed911]
C  [jli.dll+0x5277]
C  [ucrtbase.dll+0x29333]
C  [KERNEL32.DLL+0x1259d]
C  [ntdll.dll+0x5af38]


---------------  P R O C E S S  ---------------

Threads class SMR info:
_java_thread_list=0x00007ffabac66e98, length=0, elements={
}

Java Threads: ( => current thread )

Other Threads:
  0x000002ad19bb4470 GCTaskThread "GC Thread#0" [stack: 0x000000c9d0400000,0x000000c9d0500000] [id=3424]
  0x000002ad19b21dd0 ConcurrentGCThread "G1 Main Marker" [stack: 0x000000c9d0500000,0x000000c9d0600000] [id=3952]
  0x000002ad19bc6670 ConcurrentGCThread "G1 Conc#0" [stack: 0x000000c9d0600000,0x000000c9d0700000] [id=14296]

[error occurred during error reporting (printing all threads), id 0xc0000005, EXCEPTION_ACCESS_VIOLATION (0xc0000005) at pc=0x00007ffaba43bcd7]

VM state: not at safepoint (not fully initialized)

VM Mutex/Monitor currently owned by a thread:  ([mutex/lock_event])
[0x000002ad19b000a0] Heap_lock - owner thread: 0x000002ad19b036b0

Heap address: 0x0000000605c00000, size: 8100 MB, Compressed Oops mode: Zero based, Oop shift amount: 3

CDS archive(s) mapped at: [0x0000000000000000-0x0000000000000000-0x0000000000000000), size 0, SharedBaseAddress: 0x0000000800000000, ArchiveRelocationMode: 0.
Narrow klass base: 0x0000000000000000, Narrow klass shift: 0, Narrow klass range: 0x0

GC Precious Log:
<Empty>

Heap:
 garbage-first heap   total 0K, used 0K [0x0000000605c00000, 0x0000000800000000)
  region size 4096K, 0 young (0K), 0 survivors (0K)

[error occurred during error reporting (printing heap information), id 0xc0000005, EXCEPTION_ACCESS_VIOLATION (0xc0000005) at pc=0x00007ffaba81f249]

GC Heap History (0 events):
No events

Deoptimization events (0 events):
No events

Classes unloaded (0 events):
No events

Classes redefined (0 events):
No events

Internal exceptions (0 events):
No events

VM Operations (0 events):
No events

Events (1 events):
Event: 0.003 Loaded shared library D:\DEV\install\2_Eclipse\eclipse-jee-2022-06-R-win32-x86_64\eclipse\plugins\org.eclipse.justj.openjdk.hotspot.jre.full.win32.x86_64_17.0.3.v20220515-1416\jre\bin\java.dll


Dynamic libraries:
0x00007ff665920000 - 0x00007ff66592e000 	D:\DEV\install\2_Eclipse\eclipse-jee-2022-06-R-win32-x86_64\eclipse\plugins\org.eclipse.justj.openjdk.hotspot.jre.full.win32.x86_64_17.0.3.v20220515-1416\jre\bin\javaw.exe
0x00007ffb27330000 - 0x00007ffb27547000 	C:\Windows\SYSTEM32\ntdll.dll
0x00007ffb25af0000 - 0x00007ffb25bb4000 	C:\Windows\System32\KERNEL32.DLL
0x00007ffb24790000 - 0x00007ffb24b49000 	C:\Windows\System32\KERNELBASE.dll
0x00007ffb24e10000 - 0x00007ffb24f21000 	C:\Windows\System32\ucrtbase.dll
0x00007ffb19b00000 - 0x00007ffb19b18000 	D:\DEV\install\2_Eclipse\eclipse-jee-2022-06-R-win32-x86_64\eclipse\plugins\org.eclipse.justj.openjdk.hotspot.jre.full.win32.x86_64_17.0.3.v20220515-1416\jre\bin\jli.dll
0x00007ffb19ae0000 - 0x00007ffb19af9000 	D:\DEV\install\2_Eclipse\eclipse-jee-2022-06-R-win32-x86_64\eclipse\plugins\org.eclipse.justj.openjdk.hotspot.jre.full.win32.x86_64_17.0.3.v20220515-1416\jre\bin\VCRUNTIME140.dll
0x00007ffb25790000 - 0x00007ffb2593e000 	C:\Windows\System32\USER32.dll
0x00007ffb24cf0000 - 0x00007ffb24d16000 	C:\Windows\System32\win32u.dll
0x00007ffb02730000 - 0x00007ffb029c2000 	C:\Windows\WinSxS\amd64_microsoft.windows.common-controls_6595b64144ccf1df_6.0.22621.4391_none_2715d37f73803e96\COMCTL32.dll
0x00007ffb25290000 - 0x00007ffb252b9000 	C:\Windows\System32\GDI32.dll
0x00007ffb252d0000 - 0x00007ffb25377000 	C:\Windows\System32\msvcrt.dll
0x00007ffb24f30000 - 0x00007ffb2504b000 	C:\Windows\System32\gdi32full.dll
0x00007ffb246f0000 - 0x00007ffb2478a000 	C:\Windows\System32\msvcp_win.dll
0x00007ffb25e90000 - 0x00007ffb25ec1000 	C:\Windows\System32\IMM32.DLL
0x00007ffb1fd30000 - 0x00007ffb1fd3c000 	D:\DEV\install\2_Eclipse\eclipse-jee-2022-06-R-win32-x86_64\eclipse\plugins\org.eclipse.justj.openjdk.hotspot.jre.full.win32.x86_64_17.0.3.v20220515-1416\jre\bin\vcruntime140_1.dll
0x00007ffb19a40000 - 0x00007ffb19ad1000 	D:\DEV\install\2_Eclipse\eclipse-jee-2022-06-R-win32-x86_64\eclipse\plugins\org.eclipse.justj.openjdk.hotspot.jre.full.win32.x86_64_17.0.3.v20220515-1416\jre\bin\msvcp140.dll
0x00007ffaba150000 - 0x00007ffabad98000 	D:\DEV\install\2_Eclipse\eclipse-jee-2022-06-R-win32-x86_64\eclipse\plugins\org.eclipse.justj.openjdk.hotspot.jre.full.win32.x86_64_17.0.3.v20220515-1416\jre\bin\server\jvm.dll
0x00007ffb25cd0000 - 0x00007ffb25d82000 	C:\Windows\System32\ADVAPI32.dll
0x00007ffb253a0000 - 0x00007ffb25447000 	C:\Windows\System32\sechost.dll
0x00007ffb24b50000 - 0x00007ffb24b78000 	C:\Windows\System32\bcrypt.dll
0x00007ffb26370000 - 0x00007ffb26484000 	C:\Windows\System32\RPCRT4.dll
0x00007ffb25380000 - 0x00007ffb25388000 	C:\Windows\System32\PSAPI.DLL
0x00007ffb14da0000 - 0x00007ffb14da9000 	C:\Windows\SYSTEM32\WSOCK32.dll
0x00007ffb17b00000 - 0x00007ffb17b34000 	C:\Windows\SYSTEM32\WINMM.dll
0x00007ffb11e90000 - 0x00007ffb11e9a000 	C:\Windows\SYSTEM32\VERSION.dll
0x00007ffb25050000 - 0x00007ffb250c1000 	C:\Windows\System32\WS2_32.dll
0x00007ffb23700000 - 0x00007ffb23718000 	C:\Windows\SYSTEM32\kernel.appcore.dll
0x00007ffb1dc20000 - 0x00007ffb1dc2a000 	D:\DEV\install\2_Eclipse\eclipse-jee-2022-06-R-win32-x86_64\eclipse\plugins\org.eclipse.justj.openjdk.hotspot.jre.full.win32.x86_64_17.0.3.v20220515-1416\jre\bin\jimage.dll
0x00007ffb21940000 - 0x00007ffb21b72000 	C:\Windows\SYSTEM32\DBGHELP.DLL
0x00007ffb264f0000 - 0x00007ffb2687f000 	C:\Windows\System32\combase.dll
0x00007ffb25500000 - 0x00007ffb255d7000 	C:\Windows\System32\OLEAUT32.dll
0x00007ffb0a500000 - 0x00007ffb0a532000 	C:\Windows\SYSTEM32\dbgcore.DLL
0x00007ffb24d90000 - 0x00007ffb24e0b000 	C:\Windows\System32\bcryptPrimitives.dll
0x00007ffb1d7d0000 - 0x00007ffb1d7f5000 	D:\DEV\install\2_Eclipse\eclipse-jee-2022-06-R-win32-x86_64\eclipse\plugins\org.eclipse.justj.openjdk.hotspot.jre.full.win32.x86_64_17.0.3.v20220515-1416\jre\bin\java.dll

dbghelp: loaded successfully - version: 4.0.5 - missing functions: none
symbol engine: initialized successfully - sym options: 0x614 - pdb path: .;D:\DEV\install\2_Eclipse\eclipse-jee-2022-06-R-win32-x86_64\eclipse\plugins\org.eclipse.justj.openjdk.hotspot.jre.full.win32.x86_64_17.0.3.v20220515-1416\jre\bin;C:\Windows\SYSTEM32;C:\Windows\WinSxS\amd64_microsoft.windows.common-controls_6595b64144ccf1df_6.0.22621.4391_none_2715d37f73803e96;D:\DEV\install\2_Eclipse\eclipse-jee-2022-06-R-win32-x86_64\eclipse\plugins\org.eclipse.justj.openjdk.hotspot.jre.full.win32.x86_64_17.0.3.v20220515-1416\jre\bin\server

VM Arguments:
jvm_args: -Dfile.encoding=UTF-8 --module-path=D:\DEV\workspace\java_04_re\bin -XX:+ShowCodeDetailsInExceptionMessages -Djdk.module.main=java_04_RE 
java_command: java_04_RE/jdbc._02_MemberService_re
java_class_path (initial): D:\DEV\install\lib\ojdbc6.jar
Launcher Type: SUN_STANDARD

[Global flags]
     intx CICompilerCount                          = 12                                        {product} {ergonomic}
     uint ConcGCThreads                            = 5                                         {product} {ergonomic}
     uint G1ConcRefinementThreads                  = 18                                        {product} {ergonomic}
   size_t G1HeapRegionSize                         = 4194304                                   {product} {ergonomic}
    uintx GCDrainStackTargetSize                   = 64                                        {product} {ergonomic}
   size_t InitialHeapSize                          = 532676608                                 {product} {ergonomic}
   size_t MarkStackSize                            = 4194304                                   {product} {ergonomic}
   size_t MaxHeapSize                              = 8493465600                                {product} {ergonomic}
   size_t MinHeapDeltaBytes                        = 4194304                                   {product} {ergonomic}
   size_t MinHeapSize                              = 8388608                                   {product} {ergonomic}
    uintx NonNMethodCodeHeapSize                   = 7602480                                {pd product} {ergonomic}
    uintx NonProfiledCodeHeapSize                  = 122027880                              {pd product} {ergonomic}
    uintx ProfiledCodeHeapSize                     = 122027880                              {pd product} {ergonomic}
    uintx ReservedCodeCacheSize                    = 251658240                              {pd product} {ergonomic}
     bool SegmentedCodeCache                       = true                                      {product} {ergonomic}
     bool ShowCodeDetailsInExceptionMessages       = true                                   {manageable} {command line}
   size_t SoftMaxHeapSize                          = 8493465600                             {manageable} {ergonomic}
     bool UseCompressedClassPointers               = true                           {product lp64_product} {ergonomic}
     bool UseCompressedOops                        = true                           {product lp64_product} {ergonomic}
     bool UseG1GC                                  = true                                      {product} {ergonomic}
     bool UseLargePagesIndividualAllocation        = false                                  {pd product} {ergonomic}

Logging:
Log output configuration:
 #0: stdout all=warning uptime,level,tags
 #1: stderr all=off uptime,level,tags

Environment Variables:
JAVA_HOME=C:\Program Files\Java\jdk-17
PATH=D:/DEV/install/2_Eclipse/eclipse-jee-2022-06-R-win32-x86_64/eclipse//plugins/org.eclipse.justj.openjdk.hotspot.jre.full.win32.x86_64_17.0.3.v20220515-1416/jre/bin/server;D:/DEV/install/2_Eclipse/eclipse-jee-2022-06-R-win32-x86_64/eclipse//plugins/org.eclipse.justj.openjdk.hotspot.jre.full.win32.x86_64_17.0.3.v20220515-1416/jre/bin;C:\oraclexe\app\oracle\product\11.2.0\server\bin;;C:\Program Files\Common Files\Oracle\Java\javapath;C:\Windows\system32;C:\Windows;C:\Windows\System32\Wbem;C:\Windows\System32\WindowsPowerShell\v1.0\;C:\Windows\System32\OpenSSH\;C:\Program Files\Java\jdk-17\bin;C:\Program Files\TortoiseSVN\bin;C:\Users\user\AppData\Local\Microsoft\WindowsApps;C:\Users\user\AppData\Local\GitHubDesktop\bin;D:\DEV\install\2_Eclipse\eclipse-jee-2022-06-R-win32-x86_64\eclipse;
USERNAME=user
OS=Windows_NT
PROCESSOR_IDENTIFIER=Intel64 Family 6 Model 183 Stepping 1, GenuineIntel



---------------  S Y S T E M  ---------------

OS:
 Windows 11 , 64 bit Build 22621 (10.0.22621.4391)
OS uptime: 2 days 22:21 hours

CPU: total 24 (initial active 24) (12 cores per cpu, 2 threads per core) family 6 model 183 stepping 1 microcode 0x112, cx8, cmov, fxsr, ht, mmx, 3dnowpref, sse, sse2, sse3, ssse3, sse4.1, sse4.2, popcnt, lzcnt, tsc, tscinvbit, avx, avx2, aes, erms, clmul, bmi1, bmi2, adx, sha, fma, vzeroupper, clflush, clflushopt, clwb

Memory: 4k page, system-wide physical 32388M (4271M free)
TotalPageFile size 93152M (AvailPageFile size 446M)
current process WorkingSet (physical memory assigned to process): 11M, peak: 11M
current process commit charge ("private bytes"): 81M, peak: 589M

vm_info: OpenJDK 64-Bit Server VM (17.0.3+7) for windows-amd64 JRE (17.0.3+7), built on Apr 19 2022 16:55:35 by "" with MS VC++ 16.7 (VS2019)

END.
